\BOOKMARK [1][-]{section*.1}{\376\377\016\032\016\027\016\004\016\061\016\024\016\042\016\110\016\055}{}% 1
\BOOKMARK [1][-]{section*.2}{\376\377\000A\000b\000s\000t\000r\000a\000c\000t}{}% 2
\BOOKMARK [1][-]{chapter*.3}{\376\377\016\001\016\064\016\025\016\025\016\064\016\001\016\043\016\043\016\041\016\033\016\043\016\060\016\001\016\062\016\050}{}% 3
\BOOKMARK [1][-]{section*.4}{\376\377\016\052\016\062\016\043\016\032\016\061\016\015}{}% 4
\BOOKMARK [1][-]{section*.6}{\376\377\016\052\016\062\016\043\016\032\016\061\016\015\016\043\016\071\016\033}{}% 5
\BOOKMARK [1][-]{section*.8}{\376\377\016\052\016\062\016\043\016\032\016\061\016\015\016\025\016\062\016\043\016\062\016\007}{}% 6
\BOOKMARK [0][-]{chapter.1}{\376\377\016\032\016\027\016\031\016\063}{}% 7
\BOOKMARK [1][-]{section.1.1}{\376\377\016\027\016\065\016\110\016\041\016\062\016\002\016\055\016\007\016\102\016\004\016\043\016\007\016\007\016\062\016\031}{chapter.1}% 8
\BOOKMARK [1][-]{section.1.2}{\376\377\016\047\016\061\016\025\016\026\016\070\016\033\016\043\016\060\016\052\016\007\016\004\016\114\016\002\016\055\016\007\016\102\016\004\016\043\016\007\016\007\016\062\016\031}{chapter.1}% 9
\BOOKMARK [1][-]{section.1.3}{\376\377\016\002\016\055\016\032\016\100\016\002\016\025\016\002\016\055\016\007\016\102\016\004\016\043\016\007\016\007\016\062\016\031}{chapter.1}% 10
\BOOKMARK [2][-]{subsection.1.3.1}{\376\377\016\002\016\055\016\032\016\100\016\002\016\025\016\024\016\111\016\062\016\031\016\056\016\062\016\043\016\114\016\024\016\101\016\047\016\043\016\114}{section.1.3}% 11
\BOOKMARK [2][-]{subsection.1.3.2}{\376\377\016\002\016\055\016\032\016\100\016\002\016\025\016\024\016\111\016\062\016\031\016\013\016\055\016\037\016\025\016\114\016\101\016\047\016\043\016\114}{section.1.3}% 12
\BOOKMARK [1][-]{section.1.4}{\376\377\016\033\016\043\016\060\016\102\016\042\016\012\016\031\016\114\016\027\016\065\016\110\016\104\016\024\016\111\016\043\016\061\016\032}{chapter.1}% 13
\BOOKMARK [1][-]{section.1.5}{\376\377\016\100\016\027\016\004\016\102\016\031\016\102\016\045\016\042\016\065\016\101\016\045\016\060\016\100\016\004\016\043\016\067\016\110\016\055\016\007\016\041\016\067\016\055\016\027\016\065\016\110\016\103\016\012\016\111}{chapter.1}% 14
\BOOKMARK [2][-]{subsection.1.5.1}{\376\377\016\100\016\027\016\004\016\102\016\031\016\102\016\045\016\042\016\065\016\024\016\111\016\062\016\031\016\056\016\062\016\043\016\114\016\024\016\101\016\047\016\043\016\114}{section.1.5}% 15
\BOOKMARK [2][-]{subsection.1.5.2}{\376\377\016\100\016\027\016\004\016\102\016\031\016\102\016\045\016\042\016\065\016\024\016\111\016\062\016\031\016\013\016\055\016\037\016\025\016\114\016\101\016\047\016\043\016\114}{section.1.5}% 16
\BOOKMARK [1][-]{section.1.6}{\376\377\016\101\016\034\016\031\016\001\016\062\016\043\016\024\016\063\016\100\016\031\016\064\016\031\016\007\016\062\016\031}{chapter.1}% 17
\BOOKMARK [1][-]{section.1.7}{\376\377\016\032\016\027\016\032\016\062\016\027\016\101\016\045\016\060\016\004\016\047\016\062\016\041\016\043\016\061\016\032\016\034\016\064\016\024\016\012\016\055\016\032}{chapter.1}% 18
\BOOKMARK [1][-]{section.1.8}{\376\377\016\034\016\045\016\001\016\043\016\060\016\027\016\032\016\024\016\111\016\062\016\031\016\052\016\061\016\007\016\004\016\041\000\040\016\052\016\070\016\002\016\040\016\062\016\036\000\040\016\004\016\047\016\062\016\041\016\033\016\045\016\055\016\024\016\040\016\061\016\042\000\040\016\001\016\016\016\053\016\041\016\062\016\042\000\040\016\101\016\045\016\060\016\047\016\061\016\022\016\031\016\030\016\043\016\043\016\041\000\040}{chapter.1}% 19
\BOOKMARK [0][-]{chapter.2}{\376\377\016\027\016\044\016\051\016\016\016\065\016\027\016\065\016\110\016\100\016\001\016\065\016\110\016\042\016\047\016\002\016\111\016\055\016\007}{}% 20
\BOOKMARK [1][-]{section.2.1}{\376\377\000M\000e\000d\000i\000a\000P\000i\000p\000e\000\040\000H\000o\000l\000i\000s\000t\000i\000c}{chapter.2}% 21
\BOOKMARK [1][-]{section.2.2}{\376\377\000R\000E\000S\000T\000f\000u\000l\000\040\000A\000P\000I}{chapter.2}% 22
\BOOKMARK [1][-]{section.2.3}{\376\377\000I\000m\000a\000g\000e\000\040\000P\000r\000o\000c\000e\000s\000s\000i\000n\000g\000\040}{chapter.2}% 23
\BOOKMARK [2][-]{subsection.2.3.1}{\376\377\016\001\016\062\016\043\016\033\016\043\016\061\016\032\016\033\016\043\016\070\016\007\016\004\016\070\016\023\016\040\016\062\016\036\016\002\016\055\016\007\016\040\016\062\016\036\000\040\000\050\000I\000m\000a\000g\000e\000\040\000E\000n\000h\000a\000n\000c\000e\000m\000e\000n\000t\000\040\000a\000n\000d\000\040\000R\000e\000s\000t\000o\000r\000a\000t\000i\000o\000n\000\051\000\040}{section.2.3}% 24
\BOOKMARK [2][-]{subsection.2.3.2}{\376\377\016\001\016\062\016\043\016\032\016\065\016\032\016\055\016\061\016\024\016\002\016\111\016\055\016\041\016\071\016\045\016\040\016\062\016\036\000\040\000\050\000I\000m\000a\000g\000e\000\040\000c\000o\000m\000p\000r\000e\000s\000s\000i\000o\000n\000\051}{section.2.3}% 25
\BOOKMARK [1][-]{section.2.4}{\376\377\016\001\016\062\016\043\016\052\016\110\016\007\016\002\016\111\016\055\016\041\016\071\016\045\016\102\016\024\016\042\016\103\016\012\016\111\016\102\016\033\016\043\016\102\016\025\016\004\016\055\016\045\016\100\016\055\016\012\016\027\016\065\016\027\016\065\016\036\016\065\000\040\000\050\000H\000y\000p\000e\000r\000T\000e\000x\000t\000\040\000T\000r\000a\000n\000s\000f\000e\000r\000\040\000P\000r\000o\000t\000o\000c\000o\000l\000:\000\040\000H\000T\000T\000P\000\051\000\040}{chapter.2}% 26
\BOOKMARK [1][-]{section.2.5}{\376\377\000R\000a\000s\000p\000b\000e\000r\000r\000y\000\040\000P\000i}{chapter.2}% 27
\BOOKMARK [1][-]{section.2.6}{\376\377\000O\000p\000e\000n\000s\000o\000u\000r\000c\000e\000\040\000C\000o\000m\000p\000u\000t\000e\000r\000\040\000V\000i\000s\000i\000o\000n\000\040\000\050\000O\000p\000e\000n\000C\000V\000\051}{chapter.2}% 28
\BOOKMARK [1][-]{section.2.7}{\376\377\000D\000e\000e\000p\000\040\000L\000e\000a\000r\000n\000i\000n\000g}{chapter.2}% 29
\BOOKMARK [1][-]{section.2.8}{\376\377\016\052\016\110\016\047\016\031\016\025\016\110\016\055\016\033\016\043\016\060\016\052\016\062\016\031\016\001\016\043\016\062\016\037\016\064\016\001\016\001\016\061\016\032\016\034\016\071\016\111\016\103\016\012\016\111\000\040\000\050\000G\000r\000a\000p\000h\000i\000c\000a\000l\000\040\000U\000s\000e\000r\000\040\000I\000n\000t\000e\000r\000f\000a\000c\000e\000:\000\040\000G\000U\000I\000\051}{chapter.2}% 30
\BOOKMARK [1][-]{section.2.9}{\376\377\000T\000k\000i\000n\000t\000e\000r}{chapter.2}% 31
\BOOKMARK [1][-]{section.2.10}{\376\377\000O\000p\000e\000n\000F\000a\000c\000e\000\040\000\050\000O\000p\000e\000n\000-\000s\000o\000u\000r\000c\000e\000\040\000F\000a\000c\000e\000\040\000R\000e\000c\000o\000g\000n\000i\000t\000i\000o\000n\000\051}{chapter.2}% 32
\BOOKMARK [1][-]{section.2.11}{\376\377\016\004\016\047\016\062\016\041\016\043\016\071\016\111\016\025\016\062\016\041\016\053\016\045\016\061\016\001\016\052\016\071\016\025\016\043\016\013\016\066\016\110\016\007\016\026\016\071\016\001\016\031\016\063\016\041\016\062\016\103\016\012\016\111\016\053\016\043\016\067\016\055\016\032\016\071\016\043\016\023\016\062\016\001\016\062\016\043\016\103\016\031\016\102\016\004\016\043\016\007\016\007\016\062\016\031\000\040}{chapter.2}% 33
\BOOKMARK [2][-]{subsection.2.11.1}{\376\377\000L\000o\000g\000i\000c\000\040\000a\000n\000d\000\040\000D\000i\000g\000i\000t\000a\000l\000\040\000C\000i\000r\000c\000u\000i\000t\000s\000\040\016\101\016\045\016\060\000\040\000M\000i\000c\000r\000o\000p\000r\000o\000c\000e\000s\000s\000o\000r\000\040\000a\000n\000d\000\040\000I\000n\000t\000e\000r\000f\000a\000c\000i\000n\000g}{section.2.11}% 34
\BOOKMARK [2][-]{subsection.2.11.2}{\376\377\000D\000i\000g\000i\000t\000a\000l\000\040\000I\000m\000a\000g\000e\000\040\000P\000r\000o\000c\000e\000s\000s\000i\000n\000g}{section.2.11}% 35
\BOOKMARK [2][-]{subsection.2.11.3}{\376\377\000D\000e\000e\000p\000\040\000L\000e\000a\000r\000n\000i\000n\000g}{section.2.11}% 36
\BOOKMARK [2][-]{subsection.2.11.4}{\376\377\000C\000P\000E\000\040\000L\000a\000b}{section.2.11}% 37
\BOOKMARK [1][-]{section.2.12}{\376\377\016\004\016\047\016\062\016\041\016\043\016\071\016\111\016\031\016\055\016\001\016\053\016\045\016\061\016\001\016\052\016\071\016\025\016\043\016\013\016\066\016\110\016\007\016\026\016\071\016\001\016\031\016\063\016\041\016\062\016\103\016\012\016\111\016\053\016\043\016\067\016\055\016\032\016\071\016\043\016\023\016\062\016\001\016\062\016\043\016\103\016\031\016\102\016\004\016\043\016\007\016\007\016\062\016\031\000\040}{chapter.2}% 38
\BOOKMARK [0][-]{chapter.3}{\376\377\016\102\016\004\016\043\016\007\016\052\016\043\016\111\016\062\016\007\016\101\016\045\016\060\016\002\016\061\016\111\016\031\016\025\016\055\016\031\016\001\016\062\016\043\016\027\016\063\016\007\016\062\016\031}{}% 39
\BOOKMARK [1][-]{section.3.1}{\376\377\016\040\016\062\016\036\016\043\016\047\016\041\016\102\016\004\016\043\016\007\016\052\016\043\016\111\016\062\016\007\016\101\016\045\016\060\016\001\016\062\016\043\016\027\016\063\016\007\016\062\016\031\016\002\016\055\016\007\016\043\016\060\016\032\016\032}{chapter.3}% 40
\BOOKMARK [2][-]{subsection.3.1.1}{\376\377\016\041\016\055\016\024\016\071\016\045\016\001\016\045\016\111\016\055\016\007\000\040\000\050\000C\000a\000m\000e\000r\000a\000\040\000M\000o\000d\000u\000l\000e\000\051}{section.3.1}% 41
\BOOKMARK [2][-]{subsection.3.1.2}{\376\377\016\001\016\062\016\043\016\052\016\110\016\007\016\002\016\111\016\055\016\041\016\071\016\045\016\104\016\033\016\042\016\061\016\007\016\100\016\013\016\064\016\043\016\114\016\037\016\100\016\047\016\055\016\043\016\114}{section.3.1}% 42
\BOOKMARK [2][-]{subsection.3.1.3}{\376\377\016\001\016\062\016\043\016\101\016\052\016\024\016\007\016\034\016\045\016\001\016\062\016\043\016\043\016\060\016\032\016\070\016\025\016\061\016\047\016\025\016\031}{section.3.1}% 43
\BOOKMARK [2][-]{subsection.3.1.4}{\376\377\016\100\016\013\016\064\016\043\016\114\016\037\016\100\016\047\016\055\016\043\016\114\000\040\000\050\000S\000e\000r\000v\000e\000r\000\051}{section.3.1}% 44
\BOOKMARK [2][-]{subsection.3.1.5}{\376\377\016\001\016\062\016\043\016\043\016\060\016\032\016\070\016\025\016\061\016\047\016\025\016\031}{section.3.1}% 45
\BOOKMARK [2][-]{subsection.3.1.6}{\376\377\016\001\016\062\016\043\016\010\016\061\016\024\016\100\016\001\016\107\016\032\016\043\016\071\016\033\016\040\016\062\016\036\016\103\016\032\016\053\016\031\016\111\016\062}{section.3.1}% 46
\BOOKMARK [2][-]{subsection.3.1.7}{\376\377\016\001\016\062\016\043\016\100\016\043\016\065\016\042\016\031\016\043\016\071\016\111\016\043\016\071\016\033\016\040\016\062\016\036}{section.3.1}% 47
\BOOKMARK [2][-]{subsection.3.1.8}{\376\377\016\001\016\062\016\043\016\025\016\043\016\047\016\010\016\052\016\055\016\032\016\043\016\053\016\061\016\052\016\042\016\067\016\031\016\042\016\061\016\031\016\025\016\061\016\047\016\025\016\031}{section.3.1}% 48
\BOOKMARK [0][-]{chapter.4}{\376\377\016\001\016\062\016\043\016\027\016\024\016\045\016\055\016\007\016\101\016\045\016\060\016\034\016\045\016\045\016\061\016\036\016\030\016\114}{}% 49
\BOOKMARK [1][-]{section.4.1}{\376\377\016\004\016\047\016\062\016\041\016\101\016\041\016\110\016\031\016\042\016\063\016\002\016\055\016\007\016\001\016\062\016\043\016\025\016\043\016\047\016\010\016\010\016\061\016\032\016\103\016\032\016\053\016\031\016\111\016\062}{chapter.4}% 50
\BOOKMARK [1][-]{section.4.2}{\376\377\016\004\016\047\016\062\016\041\016\101\016\041\016\110\016\031\016\042\016\063\016\002\016\055\016\007\016\001\016\062\016\043\016\043\016\060\016\032\016\070\016\025\016\061\016\047\016\025\016\031\016\024\016\111\016\047\016\042\016\103\016\032\016\053\016\031\016\111\016\062\016\103\016\031\016\101\016\025\016\110\016\045\016\060\016\047\016\061\016\031}{chapter.4}% 51
\BOOKMARK [1][-]{section.4.3}{\376\377\016\100\016\047\016\045\016\062\016\103\016\031\016\001\016\062\016\043\016\033\016\043\016\060\016\041\016\047\016\045\016\034\016\045\016\043\016\071\016\033\016\040\016\062\016\036\016\103\016\032\016\053\016\031\016\111\016\062}{chapter.4}% 52
\BOOKMARK [1][-]{section.4.4}{\376\377\016\004\016\047\016\062\016\041\016\036\016\066\016\007\016\036\016\055\016\103\016\010\016\002\016\055\016\007\016\001\016\062\016\043\016\027\016\024\016\045\016\055\016\007}{chapter.4}% 53
\BOOKMARK [0][-]{chapter.5}{\376\377\016\032\016\027\016\052\016\043\016\070\016\033\016\101\016\045\016\060\016\002\016\111\016\055\016\100\016\052\016\031\016\055\016\101\016\031\016\060}{}% 54
\BOOKMARK [1][-]{section.5.1}{\376\377\016\052\016\043\016\070\016\033\016\034\016\045}{chapter.5}% 55
\BOOKMARK [1][-]{section.5.2}{\376\377\016\033\016\061\016\015\016\053\016\062\016\027\016\065\016\110\016\036\016\032\016\101\016\045\016\060\016\101\016\031\016\047\016\027\016\062\016\007\016\001\016\062\016\043\016\101\016\001\016\111\016\104\016\002}{chapter.5}% 56
\BOOKMARK [1][-]{section.5.3}{\376\377\016\002\016\111\016\055\016\100\016\052\016\031\016\055\016\101\016\031\016\060\016\101\016\045\016\060\016\101\016\031\016\047\016\027\016\062\016\007\016\001\016\062\016\043\016\036\016\061\016\022\016\031\016\062\016\025\016\110\016\055\000\040}{chapter.5}% 57
\BOOKMARK [0][-]{section*.10}{\376\377\016\032\016\043\016\043\016\023\016\062\016\031\016\070\016\001\016\043\016\041}{}% 58
\BOOKMARK [0][-]{appendix.A}{\376\377\016\055\016\070\016\033\016\001\016\043\016\023\016\114\016\025\016\111\016\031\016\101\016\032\016\032\016\101\016\045\016\060\016\001\016\062\016\043\016\101\016\052\016\024\016\007\016\034\016\045\016\032\016\031\016\053\016\031\016\111\016\062\016\010\016\055}{}% 59
\BOOKMARK [1][-]{section.A.1}{\376\377\016\043\016\071\016\033\016\055\016\070\016\033\016\001\016\043\016\023\016\114\016\027\016\065\016\110\016\103\016\012\016\111\016\103\016\031\016\001\016\062\016\043\016\025\016\043\016\047\016\010\016\010\016\061\016\032\016\040\016\062\016\036\016\103\016\032\016\053\016\031\016\111\016\062\016\101\016\045\016\060\016\043\016\061\016\032\016\004\016\063\016\052\016\061\016\110\016\007\016\042\016\067\016\031\016\042\016\061\016\031}{appendix.A}% 60
\BOOKMARK [1][-]{section.A.2}{\376\377\016\043\016\071\016\033\016\040\016\062\016\036\016\001\016\062\016\043\016\101\016\052\016\024\016\007\016\034\016\045\016\032\016\031\016\053\016\031\016\111\016\062\016\010\016\055}{appendix.A}% 61
\BOOKMARK [0][-]{appendix.B}{\376\377\016\004\016\071\016\110\016\041\016\067\016\055\016\001\016\062\016\043\016\103\016\012\016\111\016\007\016\062\016\031\016\043\016\060\016\032\016\032}{}% 62
\BOOKMARK [1][-]{section.B.1}{\376\377\016\004\016\071\016\110\016\041\016\067\016\055\016\001\016\062\016\043\016\025\016\064\016\024\016\025\016\061\016\111\016\007\016\102\016\033\016\043\016\101\016\001\016\043\016\041\016\100\016\036\016\067\016\110\016\055\016\025\016\043\016\047\016\010\016\010\016\061\016\032\016\103\016\032\016\053\016\031\016\111\016\062\016\032\016\031\000\040\000R\000a\000s\000p\000b\000e\000r\000r\000y\000\040\000P\000i}{appendix.B}% 63
\BOOKMARK [2][-]{subsection.B.1.1}{\376\377\016\004\016\071\016\110\016\041\016\067\016\055\016\001\016\062\016\043\016\025\016\064\016\024\016\025\016\061\016\111\016\007\000\040\000O\000p\000e\000n\000C\000V\000\040\016\032\016\031\000\040\000R\000a\000s\000p\000b\000e\000r\000r\000y\000\040\000P\000i}{section.B.1}% 64
\BOOKMARK [2][-]{subsection.B.1.2}{\376\377\016\004\016\071\016\110\016\041\016\067\016\055\016\001\016\062\016\043\016\025\016\064\016\024\016\025\016\061\016\111\016\007\000\040\000T\000e\000n\000s\000o\000r\000F\000l\000o\000w\000\040\000l\000i\000t\000e\000\040\016\032\016\031\000\040\000R\000a\000s\000p\000b\000e\000r\000r\000y\000\040\000P\000i}{section.B.1}% 65
\BOOKMARK [2][-]{subsection.B.1.3}{\376\377\016\004\016\071\016\110\016\041\016\067\016\055\016\001\016\062\016\043\016\025\016\064\016\024\016\025\016\061\016\111\016\007\000\040\000M\000e\000d\000i\000a\000p\000i\000p\000e\000\040\000l\000i\000b\000r\000a\000r\000y\000\040\016\032\016\031\000\040\000R\000a\000s\000p\000b\000e\000r\000r\000y\000\040\000P\000i}{section.B.1}% 66
\BOOKMARK [2][-]{subsection.B.1.4}{\376\377\016\004\016\071\016\110\016\041\016\067\016\055\016\001\016\062\016\043\016\025\016\064\016\024\016\025\016\061\016\111\016\007\000\040\000T\000k\000i\000n\000t\000e\000r\000\040\000l\000i\000b\000r\000a\000r\000y\000\040\016\032\016\031\000\040\000R\000a\000s\000p\000b\000e\000r\000r\000y\000\040\000P\000i}{section.B.1}% 67
\BOOKMARK [1][-]{section.B.2}{\376\377\016\004\016\071\016\110\016\041\016\067\016\055\016\001\016\062\016\043\016\025\016\064\016\024\016\025\016\061\016\111\016\007\016\102\016\033\016\043\016\101\016\001\016\043\016\041\016\100\016\036\016\067\016\110\016\055\016\043\016\060\016\032\016\070\016\025\016\061\016\047\016\025\016\031\016\103\016\032\016\053\016\031\016\111\016\062\016\032\016\031\000\040\000S\000e\000r\000v\000e\000r}{appendix.B}% 68
\BOOKMARK [2][-]{subsection.B.2.1}{\376\377\016\004\016\071\016\110\016\041\016\067\016\055\016\001\016\062\016\043\016\025\016\064\016\024\016\025\016\061\016\111\016\007\000\040\000P\000y\000t\000h\000o\000n\000\040\016\032\016\031\000\040\000W\000i\000n\000d\000o\000w\000s}{section.B.2}% 69
\BOOKMARK [2][-]{subsection.B.2.2}{\376\377\016\004\016\071\016\110\016\041\016\067\016\055\016\001\016\062\016\043\016\025\016\064\016\024\016\025\016\061\016\111\016\007\000\040\000F\000l\000a\000s\000k\000\040\000f\000r\000a\000m\000e\000w\000o\000r\000k}{section.B.2}% 70
\BOOKMARK [2][-]{subsection.B.2.3}{\376\377\016\004\016\071\016\110\016\041\016\067\016\055\016\001\016\062\016\043\016\025\016\064\016\024\016\025\016\061\016\111\016\007\000\040\000O\000p\000e\000n\000C\000V\000\040\016\032\016\031\000\040\000W\000i\000n\000d\000o\000w\000s}{section.B.2}% 71
\BOOKMARK [2][-]{subsection.B.2.4}{\376\377\016\004\016\071\016\110\016\041\016\067\016\055\016\001\016\062\016\043\016\025\016\064\016\024\016\025\016\061\016\111\016\007\000\040\000S\000c\000i\000k\000i\000t\000\040\000l\000e\000a\000r\000n\000\040\016\032\016\031\000\040\000W\000i\000n\000d\000o\000w\000s}{section.B.2}% 72
\BOOKMARK [1][-]{section.B.3}{\376\377\016\004\016\071\016\110\016\041\016\067\016\055\016\001\016\062\016\043\016\103\016\012\016\111\016\007\016\062\016\031\016\001\016\062\016\043\016\025\016\043\016\047\016\010\016\010\016\061\016\032\016\103\016\032\016\053\016\031\016\111\016\062}{appendix.B}% 73
\BOOKMARK [1][-]{section.B.4}{\376\377\016\004\016\071\016\110\016\041\016\067\016\055\016\001\016\062\016\043\016\103\016\012\016\111\016\007\016\062\016\031\016\001\016\062\016\043\016\043\016\060\016\032\016\070\016\025\016\061\016\047\016\025\016\031\016\024\016\111\016\047\016\042\016\103\016\032\016\053\016\031\016\111\016\062}{appendix.B}% 74
\BOOKMARK [0][-]{appendix*.12}{\376\377\016\033\016\043\016\060\016\047\016\061\016\025\016\064\016\034\016\071\016\111\016\100\016\002\016\065\016\042\016\031}{}% 75
